<?xml version="1.0" encoding="UTF-8"?>
<!-- Generated by org.testng.reporters.JUnitReportReporter -->
<testsuite skipped="0" hostname="LAPTOP-K3RI6269" name="ParallelExecution" tests="10" failures="0" timestamp="05 May 2019 07:35:03 GMT" time="124.467" errors="0">
  <testcase name="launchBrowser" time="13.085" classname="ParallelExecution"/>
  <testcase name="launchBrowser" time="13.085" classname="ParallelExecution"/>
  <testcase name="launchApp" time="17.322" classname="ParallelExecution"/>
  <testcase name="launchApp" time="41.628" classname="ParallelExecution"/>
  <testcase name="verifyUrl" time="0.019" classname="ParallelExecution"/>
  <testcase name="verifyUrl" time="0.014" classname="ParallelExecution"/>
  <testcase name="verifyLogin" time="8.352" classname="ParallelExecution"/>
  <testcase name="verifyLogin" time="27.535" classname="ParallelExecution"/>
  <testcase name="closeBrowser" time="3.067" classname="ParallelExecution"/>
  <testcase name="closeBrowser" time="0.360" classname="ParallelExecution"/>
</testsuite> <!-- ParallelExecution -->
