<?xml version="1.0" encoding="UTF-8"?>
<!-- Generated by org.testng.reporters.JUnitReportReporter -->
<testsuite skipped="0" hostname="LAPTOP-K3RI6269" name="Annotations2" tests="1" failures="0" timestamp="05 May 2019 04:59:38 GMT" time="0.001" errors="0">
  <testcase name="bTestCase" time="0.001" classname="Annotations2"/>
</testsuite> <!-- Annotations2 -->
