<?xml version="1.0" encoding="UTF-8"?>
<!-- Generated by org.testng.reporters.JUnitReportReporter -->
<testsuite skipped="0" hostname="LAPTOP-K3RI6269" name="Prioritization" tests="2" failures="0" timestamp="05 May 2019 05:30:13 GMT" time="0.008" errors="0">
  <testcase name="browserLaunch" time="0.007" classname="Prioritization"/>
  <testcase name="appLaunch" time="0.001" classname="Prioritization"/>
</testsuite> <!-- Prioritization -->
