<?xml version="1.0" encoding="UTF-8"?>
<!-- Generated by org.testng.reporters.JUnitReportReporter -->
<testsuite skipped="0" hostname="LAPTOP-K3RI6269" name="GroupingDemo2" tests="5" failures="0" timestamp="05 May 2019 06:34:58 GMT" time="0.004" errors="0">
  <testcase name="hTestCase" time="0.001" classname="GroupingDemo2"/>
  <testcase name="dTestCase" time="0.000" classname="GroupingDemo2"/>
  <testcase name="fTestCase" time="0.001" classname="GroupingDemo2"/>
  <testcase name="aTestCase" time="0.001" classname="GroupingDemo2"/>
  <testcase name="cTestCase" time="0.001" classname="GroupingDemo2"/>
</testsuite> <!-- GroupingDemo2 -->
