<?xml version="1.0" encoding="UTF-8"?>
<!-- Generated by org.testng.reporters.JUnitReportReporter -->
<testsuite skipped="0" hostname="LAPTOP-K3RI6269" name="DependsOnMethods" tests="4" failures="0" timestamp="05 May 2019 05:34:16 GMT" time="0.013" errors="0">
  <testcase name="appLaunch" time="0.002" classname="DependsOnMethods"/>
  <testcase name="logout" time="0.002" classname="DependsOnMethods"/>
  <testcase name="loginTestCase" time="0.001" classname="DependsOnMethods"/>
  <testcase name="browserLaunch" time="0.008" classname="DependsOnMethods"/>
</testsuite> <!-- DependsOnMethods -->
