<?xml version="1.0" encoding="UTF-8"?>
<!-- Generated by org.testng.reporters.JUnitReportReporter -->
<testsuite skipped="1" hostname="LAPTOP-K3RI6269" name="Annotations" tests="4" failures="0" timestamp="28 May 2019 06:28:51 GMT" time="0.014" errors="0">
  <testcase name="browserLaunch" time="0.003" classname="Annotations"/>
  <testcase name="bTestCase" time="0.008" classname="Annotations"/>
  <testcase name="appLaunch" time="0.003" classname="Annotations"/>
  <testcase name="aTestCase" classname="Annotations">
    <skipped/>
  </testcase> <!-- aTestCase -->
</testsuite> <!-- Annotations -->
