<?xml version="1.0" encoding="UTF-8"?>
<!-- Generated by org.testng.reporters.JUnitReportReporter -->
<testsuite skipped="0" hostname="LAPTOP-K3RI6269" name="GroupingDemo" tests="7" failures="0" timestamp="05 May 2019 06:34:58 GMT" time="0.015" errors="0">
  <testcase name="bTestCase" time="0.002" classname="GroupingDemo"/>
  <testcase name="dTestCase" time="0.002" classname="GroupingDemo"/>
  <testcase name="gTestCase" time="0.001" classname="GroupingDemo"/>
  <testcase name="eTestCase" time="0.001" classname="GroupingDemo"/>
  <testcase name="aTestCase" time="0.007" classname="GroupingDemo"/>
  <testcase name="hTestCase" time="0.001" classname="GroupingDemo"/>
  <testcase name="cTestCase" time="0.001" classname="GroupingDemo"/>
</testsuite> <!-- GroupingDemo -->
