<?xml version="1.0" encoding="UTF-8"?>
<!-- Generated by org.testng.reporters.JUnitReportReporter -->
<testsuite skipped="0" hostname="LAPTOP-K3RI6269" name="DataProvider" tests="1" failures="0" timestamp="18 May 2019 12:43:10 GMT" time="0.595" errors="0">
  <testcase name="Login" time="0.595" classname="DataProvider"/>
</testsuite> <!-- DataProvider -->
